0 info it worked if it ends with ok
1 verbose cli [ '/usr/local/bin/node',
1 verbose cli   '/usr/local/bin/npm',
1 verbose cli   'install',
1 verbose cli   '-g',
1 verbose cli   'surge' ]
2 info using npm@2.14.4
3 info using node@v4.1.1
4 verbose install initial load of /usr/local/lib/package.json
5 verbose readDependencies loading dependencies from /usr/local/lib/package.json
6 silly cache add args [ 'surge', null ]
7 verbose cache add spec surge
8 silly cache add parsed spec Result {
8 silly cache add   raw: 'surge',
8 silly cache add   scope: null,
8 silly cache add   name: 'surge',
8 silly cache add   rawSpec: '',
8 silly cache add   spec: '*',
8 silly cache add   type: 'range' }
9 silly addNamed surge@*
10 verbose addNamed "*" is a valid semver range for surge
11 silly addNameRange { name: 'surge', range: '*', hasData: false }
12 silly mapToRegistry name surge
13 silly mapToRegistry using default registry
14 silly mapToRegistry registry https://registry.npmjs.org/
15 silly mapToRegistry uri https://registry.npmjs.org/surge
16 verbose addNameRange registry:https://registry.npmjs.org/surge not in flight; fetching
17 verbose request uri https://registry.npmjs.org/surge
18 verbose request no auth needed
19 info attempt registry request try #1 at 10:16:07 PM
20 verbose request id 07682b48c40ffa0c
21 verbose etag "7LLN9IISKFH7LRZVNWQF1PF8W"
22 http request GET https://registry.npmjs.org/surge
23 http 200 https://registry.npmjs.org/surge
24 silly get cb [ 200,
24 silly get   { server: 'CouchDB/1.5.0 (Erlang OTP/R16B03)',
24 silly get     etag: '"EKRQXCFRQZWTSU9EM3DQE3VB6"',
24 silly get     'content-type': 'application/json',
24 silly get     'cache-control': 'max-age=60',
24 silly get     'content-length': '45304',
24 silly get     'accept-ranges': 'bytes',
24 silly get     date: 'Tue, 17 Nov 2015 06:11:15 GMT',
24 silly get     via: '1.1 varnish',
24 silly get     age: '0',
24 silly get     connection: 'keep-alive',
24 silly get     'x-served-by': 'cache-sjc3133-SJC',
24 silly get     'x-cache': 'MISS',
24 silly get     'x-cache-hits': '0',
24 silly get     'x-timer': 'S1447740675.029659,VS0,VE129',
24 silly get     vary: 'Accept' } ]
25 verbose get saving surge to /Users/Prince/.npm/registry.npmjs.org/surge/.cache.json
26 silly addNameRange number 2 { name: 'surge', range: '*', hasData: true }
27 silly addNameRange versions [ 'surge',
27 silly addNameRange   [ '0.0.0',
27 silly addNameRange     '0.1.0',
27 silly addNameRange     '0.2.0',
27 silly addNameRange     '0.3.0',
27 silly addNameRange     '0.3.1',
27 silly addNameRange     '0.3.2',
27 silly addNameRange     '0.3.3',
27 silly addNameRange     '0.4.0',
27 silly addNameRange     '0.4.1',
27 silly addNameRange     '0.5.0',
27 silly addNameRange     '0.5.1',
27 silly addNameRange     '0.5.2',
27 silly addNameRange     '0.6.0',
27 silly addNameRange     '0.7.0',
27 silly addNameRange     '0.7.1',
27 silly addNameRange     '0.7.2',
27 silly addNameRange     '0.7.3',
27 silly addNameRange     '0.7.4',
27 silly addNameRange     '0.8.0',
27 silly addNameRange     '0.8.1',
27 silly addNameRange     '0.9.0',
27 silly addNameRange     '0.10.0',
27 silly addNameRange     '0.10.1',
27 silly addNameRange     '0.10.2',
27 silly addNameRange     '0.11.0',
27 silly addNameRange     '0.11.1',
27 silly addNameRange     '0.12.0',
27 silly addNameRange     '0.13.0',
27 silly addNameRange     '0.14.0',
27 silly addNameRange     '0.14.1',
27 silly addNameRange     '0.14.2',
27 silly addNameRange     '0.14.3',
27 silly addNameRange     '0.14.4',
27 silly addNameRange     '0.15.0',
27 silly addNameRange     '0.16.0',
27 silly addNameRange     '0.17.0',
27 silly addNameRange     '0.17.1',
27 silly addNameRange     '0.17.2',
27 silly addNameRange     '0.17.3' ] ]
28 silly addNamed surge@0.17.3
29 verbose addNamed "0.17.3" is a plain semver version for surge
30 silly mapToRegistry name surge
31 silly mapToRegistry using default registry
32 silly mapToRegistry registry https://registry.npmjs.org/
33 silly mapToRegistry uri https://registry.npmjs.org/surge
34 verbose addRemoteTarball https://registry.npmjs.org/surge/-/surge-0.17.3.tgz not in flight; adding
35 verbose addRemoteTarball [ 'https://registry.npmjs.org/surge/-/surge-0.17.3.tgz',
35 verbose addRemoteTarball   'cf7c095834f68f214f891f969e18a02125013da3' ]
36 info retry fetch attempt 1 at 10:16:07 PM
37 info attempt registry request try #1 at 10:16:07 PM
38 http fetch GET https://registry.npmjs.org/surge/-/surge-0.17.3.tgz
39 http fetch 200 https://registry.npmjs.org/surge/-/surge-0.17.3.tgz
40 silly fetchAndShaCheck shasum cf7c095834f68f214f891f969e18a02125013da3
41 verbose addTmpTarball /var/folders/x8/qd1qmbg56kj9z_29fn3xy8740000gn/T/npm-48765-6fd48dca/registry.npmjs.org/surge/-/surge-0.17.3.tgz not in flight; adding
42 verbose addTmpTarball already have metadata; skipping unpack for surge@0.17.3
43 silly cache afterAdd surge@0.17.3
44 verbose afterAdd /Users/Prince/.npm/surge/0.17.3/package/package.json not in flight; writing
45 verbose afterAdd /Users/Prince/.npm/surge/0.17.3/package/package.json written
46 silly install resolved [ { name: 'surge',
46 silly install resolved     version: '0.17.3',
46 silly install resolved     description: 'CDN for front-end developers',
46 silly install resolved     author: { name: 'Brock Whitten', email: 'brock@chloi.io' },
46 silly install resolved     bin: { surge: './lib/cli.js' },
46 silly install resolved     dependencies:
46 silly install resolved      { du: '0.1.0',
46 silly install resolved        'fstream-ignore': '1.0.2',
46 silly install resolved        'is-domain': '0.0.1',
46 silly install resolved        moniker: '0.1.2',
46 silly install resolved        netrc: '0.1.4',
46 silly install resolved        prompt: '~0.2.14',
46 silly install resolved        progress: '1.1.8',
46 silly install resolved        request: '2.40.0',
46 silly install resolved        split: '0.3.1',
46 silly install resolved        'surge-ignore': '0.2.0',
46 silly install resolved        tar: '1.0.0',
46 silly install resolved        'tar.gz': '0.1.1',
46 silly install resolved        'url-parse-as-address': '1.0.0',
46 silly install resolved        read: '1.0.5',
46 silly install resolved        minimist: '1.1.1' },
46 silly install resolved     devDependencies: { mocha: '*', nixt: '0.4.1', should: '7.1.0' },
46 silly install resolved     license: 'ISC',
46 silly install resolved     main: './lib/surge.js',
46 silly install resolved     ignore: [ 'test' ],
46 silly install resolved     scripts: { test: 'mocha' },
46 silly install resolved     repository: { type: 'git', url: 'https://github.com/sintaxi/surge.git' },
46 silly install resolved     gitHead: 'c067c8cbd1b692ddac40fb90ddedac0b53eb2a38',
46 silly install resolved     bugs: { url: 'https://github.com/sintaxi/surge/issues' },
46 silly install resolved     homepage: 'https://github.com/sintaxi/surge',
46 silly install resolved     _id: 'surge@0.17.3',
46 silly install resolved     _shasum: 'cf7c095834f68f214f891f969e18a02125013da3',
46 silly install resolved     _from: 'surge@*',
46 silly install resolved     _npmVersion: '2.14.4',
46 silly install resolved     _nodeVersion: '4.1.2',
46 silly install resolved     _npmUser: { name: 'sintaxi', email: 'brock@sintaxi.com' },
46 silly install resolved     maintainers: [ [Object], [Object] ],
46 silly install resolved     dist:
46 silly install resolved      { shasum: 'cf7c095834f68f214f891f969e18a02125013da3',
46 silly install resolved        tarball: 'http://registry.npmjs.org/surge/-/surge-0.17.3.tgz' },
46 silly install resolved     directories: {},
46 silly install resolved     _resolved: 'https://registry.npmjs.org/surge/-/surge-0.17.3.tgz' } ]
47 info install surge@0.17.3 into /usr/local/lib
48 info installOne surge@0.17.3
49 verbose installOne of surge to /usr/local/lib not in flight; installing
50 verbose lock using /Users/Prince/.npm/_locks/surge-9264acc302f55897.lock for /usr/local/lib/node_modules/surge
51 silly install write writing surge 0.17.3 to /usr/local/lib/node_modules/surge
52 verbose unbuild lib/node_modules/surge
53 info preuninstall surge@0.17.0
54 info uninstall surge@0.17.0
55 verbose unbuild rmStuff surge@0.17.0 from /usr/local/lib/node_modules
56 silly gentlyRm /usr/local/bin/surge is being gently removed
57 silly gentlyRm verifying /usr/local is an npm working directory
58 silly gentlyRm containing path /usr/local is under npm's control, in /usr/local
59 silly gentlyRm deletion target /usr/local/bin/surge is under /usr/local
60 verbose gentlyRm vacuuming from /usr/local/bin/surge up to /usr/local
61 silly vacuum-fs removing /usr/local/bin/surge
62 verbose unlock done using /Users/Prince/.npm/_locks/surge-9264acc302f55897.lock for /usr/local/lib/node_modules/surge
63 verbose stack Error: EACCES: permission denied, unlink '/usr/local/bin/surge'
63 verbose stack     at Error (native)
64 verbose cwd /Users/Prince/Desktop/TIY-projects/Assignment-09
65 error Darwin 14.5.0
66 error argv "/usr/local/bin/node" "/usr/local/bin/npm" "install" "-g" "surge"
67 error node v4.1.1
68 error npm  v2.14.4
69 error path /usr/local/bin/surge
70 error code EACCES
71 error errno -13
72 error syscall unlink
73 error Error: EACCES: permission denied, unlink '/usr/local/bin/surge'
73 error     at Error (native)
73 error  { [Error: EACCES: permission denied, unlink '/usr/local/bin/surge']
73 error   errno: -13,
73 error   code: 'EACCES',
73 error   syscall: 'unlink',
73 error   path: '/usr/local/bin/surge' }
74 error Please try running this command again as root/Administrator.
75 verbose exit [ -13, true ]
76 verbose unbuild lib/node_modules/surge
77 info preuninstall surge@0.17.0
78 info uninstall surge@0.17.0
79 verbose unbuild rmStuff surge@0.17.0 from /usr/local/lib/node_modules
80 silly gentlyRm /usr/local/bin/surge is being gently removed
81 silly gentlyRm verifying /usr/local is an npm working directory
82 silly gentlyRm containing path /usr/local is under npm's control, in /usr/local
83 silly gentlyRm deletion target /usr/local/bin/surge is under /usr/local
84 verbose gentlyRm vacuuming from /usr/local/bin/surge up to /usr/local
85 silly vacuum-fs removing /usr/local/bin/surge
86 error error rolling back Error: EACCES: permission denied, unlink '/usr/local/bin/surge'
86 error error rolling back     at Error (native)
86 error error rolling back  { [Error: EACCES: permission denied, unlink '/usr/local/bin/surge']
86 error error rolling back   errno: -13,
86 error error rolling back   code: 'EACCES',
86 error error rolling back   syscall: 'unlink',
86 error error rolling back   path: '/usr/local/bin/surge' }
